[2021-09-17 20:38:29] local.ERROR: A file with this name already exists! {"file":"D:\\webpages\\s-cart\\vendor\\unisharp\\laravel-filemanager\\src\\Lfm.php","line":235,"trace":"#0 D:\\webpages\\s-cart\\vendor\\unisharp\\laravel-filemanager\\src\\LfmPath.php(212): UniSharp\\LaravelFilemanager\\Lfm->error()
#1 D:\\webpages\\s-cart\\vendor\\unisharp\\laravel-filemanager\\src\\LfmPath.php(250): UniSharp\\LaravelFilemanager\\LfmPath->error()
#2 D:\\webpages\\s-cart\\vendor\\unisharp\\laravel-filemanager\\src\\LfmPath.php(218): UniSharp\\LaravelFilemanager\\LfmPath->uploadValidator()
#3 D:\\webpages\\s-cart\\vendor\\unisharp\\laravel-filemanager\\src\\Controllers\\UploadController.php(34): UniSharp\\LaravelFilemanager\\LfmPath->upload()
#4 D:\\webpages\\s-cart\\vendor\\laravel\\framework\\src\\Illuminate\\Routing\\Controller.php(54): UniSharp\\LaravelFilemanager\\Controllers\\UploadController->upload()
#5 D:\\webpages\\s-cart\\vendor\\laravel\\framework\\src\\Illuminate\\Routing\\ControllerDispatcher.php(45): Illuminate\\Routing\\Controller->callAction()
#6 D:\\webpages\\s-cart\\vendor\\laravel\\framework\\src\\Illuminate\\Routing\\Route.php(261): Illuminate\\Routing\\ControllerDispatcher->dispatch()
#7 D:\\webpages\\s-cart\\vendor\\laravel\\framework\\src\\Illuminate\\Routing\\Route.php(204): Illuminate\\Routing\\Route->runController()
#8 D:\\webpages\\s-cart\\vendor\\laravel\\framework\\src\\Illuminate\\Routing\\Router.php(695): Illuminate\\Routing\\Route->run()
#9 D:\\webpages\\s-cart\\vendor\\laravel\\framework\\src\\Illuminate\\Pipeline\\Pipeline.php(128): Illuminate\\Routing\\Router->Illuminate\\Routing\\{closure}()
#10 D:\\webpages\\s-cart\\vendor\\s-cart\\core\\src\\Front\\Middleware\\Localization.php(31): Illuminate\\Pipeline\\Pipeline->Illuminate\\Pipeline\\{closure}()
#11 D:\\webpages\\s-cart\\vendor\\laravel\\framework\\src\\Illuminate\\Pipeline\\Pipeline.php(167): SCart\\Core\\Front\\Middleware\\Localization->handle()
#12 D:\\webpages\\s-cart\\vendor\\s-cart\\core\\src\\Admin\\Middleware\\AdminTheme.php(27): Illuminate\\Pipeline\\Pipeline->Illuminate\\Pipeline\\{closure}()
#13 D:\\webpages\\s-cart\\vendor\\laravel\\framework\\src\\Illuminate\\Pipeline\\Pipeline.php(167): SCart\\Core\\Admin\\Middleware\\AdminTheme->handle()
#14 D:\\webpages\\s-cart\\vendor\\s-cart\\core\\src\\Admin\\Middleware\\AdminStoreId.php(40): Illuminate\\Pipeline\\Pipeline->Illuminate\\Pipeline\\{closure}()
#15 D:\\webpages\\s-cart\\vendor\\laravel\\framework\\src\\Illuminate\\Pipeline\\Pipeline.php(167): SCart\\Core\\Admin\\Middleware\\AdminStoreId->handle()
#16 D:\\webpages\\s-cart\\vendor\\s-cart\\core\\src\\Admin\\Middleware\\LogOperation.php(38): Illuminate\\Pipeline\\Pipeline->Illuminate\\Pipeline\\{closure}()
#17 D:\\webpages\\s-cart\\vendor\\laravel\\framework\\src\\Illuminate\\Pipeline\\Pipeline.php(167): SCart\\Core\\Admin\\Middleware\\LogOperation->handle()
#18 D:\\webpages\\s-cart\\vendor\\s-cart\\core\\src\\Admin\\Middleware\\PermissionMiddleware.php(30): Illuminate\\Pipeline\\Pipeline->Illuminate\\Pipeline\\{closure}()
#19 D:\\webpages\\s-cart\\vendor\\laravel\\framework\\src\\Illuminate\\Pipeline\\Pipeline.php(167): SCart\\Core\\Admin\\Middleware\\PermissionMiddleware->handle()
#20 D:\\webpages\\s-cart\\vendor\\s-cart\\core\\src\\Admin\\Middleware\\Authenticate.php(25): Illuminate\\Pipeline\\Pipeline->Illuminate\\Pipeline\\{closure}()
#21 D:\\webpages\\s-cart\\vendor\\laravel\\framework\\src\\Illuminate\\Pipeline\\Pipeline.php(167): SCart\\Core\\Admin\\Middleware\\Authenticate->handle()
#22 D:\\webpages\\s-cart\\vendor\\laravel\\framework\\src\\Illuminate\\Routing\\Middleware\\SubstituteBindings.php(50): Illuminate\\Pipeline\\Pipeline->Illuminate\\Pipeline\\{closure}()
#23 D:\\webpages\\s-cart\\vendor\\laravel\\framework\\src\\Illuminate\\Pipeline\\Pipeline.php(167): Illuminate\\Routing\\Middleware\\SubstituteBindings->handle()
#24 D:\\webpages\\s-cart\\vendor\\laravel\\framework\\src\\Illuminate\\Foundation\\Http\\Middleware\\VerifyCsrfToken.php(78): Illuminate\\Pipeline\\Pipeline->Illuminate\\Pipeline\\{closure}()
#25 D:\\webpages\\s-cart\\vendor\\laravel\\framework\\src\\Illuminate\\Pipeline\\Pipeline.php(167): Illuminate\\Foundation\\Http\\Middleware\\VerifyCsrfToken->handle()
#26 D:\\webpages\\s-cart\\vendor\\laravel\\framework\\src\\Illuminate\\View\\Middleware\\ShareErrorsFromSession.php(49): Illuminate\\Pipeline\\Pipeline->Illuminate\\Pipeline\\{closure}()
#27 D:\\webpages\\s-cart\\vendor\\laravel\\framework\\src\\Illuminate\\Pipeline\\Pipeline.php(167): Illuminate\\View\\Middleware\\ShareErrorsFromSession->handle()
#28 D:\\webpages\\s-cart\\vendor\\laravel\\framework\\src\\Illuminate\\Session\\Middleware\\StartSession.php(121): Illuminate\\Pipeline\\Pipeline->Illuminate\\Pipeline\\{closure}()
#29 D:\\webpages\\s-cart\\vendor\\laravel\\framework\\src\\Illuminate\\Session\\Middleware\\StartSession.php(64): Illuminate\\Session\\Middleware\\StartSession->handleStatefulRequest()
#30 D:\\webpages\\s-cart\\vendor\\laravel\\framework\\src\\Illuminate\\Pipeline\\Pipeline.php(167): Illuminate\\Session\\Middleware\\StartSession->handle()
#31 D:\\webpages\\s-cart\\vendor\\laravel\\framework\\src\\Illuminate\\Cookie\\Middleware\\AddQueuedCookiesToResponse.php(37): Illuminate\\Pipeline\\Pipeline->Illuminate\\Pipeline\\{closure}()
#32 D:\\webpages\\s-cart\\vendor\\laravel\\framework\\src\\Illuminate\\Pipeline\\Pipeline.php(167): Illuminate\\Cookie\\Middleware\\AddQueuedCookiesToResponse->handle()
#33 D:\\webpages\\s-cart\\vendor\\laravel\\framework\\src\\Illuminate\\Cookie\\Middleware\\EncryptCookies.php(67): Illuminate\\Pipeline\\Pipeline->Illuminate\\Pipeline\\{closure}()
#34 D:\\webpages\\s-cart\\vendor\\laravel\\framework\\src\\Illuminate\\Pipeline\\Pipeline.php(167): Illuminate\\Cookie\\Middleware\\EncryptCookies->handle()
#35 D:\\webpages\\s-cart\\vendor\\laravel\\framework\\src\\Illuminate\\Pipeline\\Pipeline.php(103): Illuminate\\Pipeline\\Pipeline->Illuminate\\Pipeline\\{closure}()
#36 D:\\webpages\\s-cart\\vendor\\laravel\\framework\\src\\Illuminate\\Routing\\Router.php(697): Illuminate\\Pipeline\\Pipeline->then()
#37 D:\\webpages\\s-cart\\vendor\\laravel\\framework\\src\\Illuminate\\Routing\\Router.php(672): Illuminate\\Routing\\Router->runRouteWithinStack()
#38 D:\\webpages\\s-cart\\vendor\\laravel\\framework\\src\\Illuminate\\Routing\\Router.php(636): Illuminate\\Routing\\Router->runRoute()
#39 D:\\webpages\\s-cart\\vendor\\laravel\\framework\\src\\Illuminate\\Routing\\Router.php(625): Illuminate\\Routing\\Router->dispatchToRoute()
#40 D:\\webpages\\s-cart\\vendor\\laravel\\framework\\src\\Illuminate\\Foundation\\Http\\Kernel.php(166): Illuminate\\Routing\\Router->dispatch()
#41 D:\\webpages\\s-cart\\vendor\\laravel\\framework\\src\\Illuminate\\Pipeline\\Pipeline.php(128): Illuminate\\Foundation\\Http\\Kernel->Illuminate\\Foundation\\Http\\{closure}()
#42 D:\\webpages\\s-cart\\vendor\\barryvdh\\laravel-debugbar\\src\\Middleware\\InjectDebugbar.php(67): Illuminate\\Pipeline\\Pipeline->Illuminate\\Pipeline\\{closure}()
#43 D:\\webpages\\s-cart\\vendor\\laravel\\framework\\src\\Illuminate\\Pipeline\\Pipeline.php(167): Barryvdh\\Debugbar\\Middleware\\InjectDebugbar->handle()
#44 D:\\webpages\\s-cart\\vendor\\spatie\\laravel-pjax\\src\\Middleware\\FilterIfPjax.php(18): Illuminate\\Pipeline\\Pipeline->Illuminate\\Pipeline\\{closure}()
#45 D:\\webpages\\s-cart\\vendor\\laravel\\framework\\src\\Illuminate\\Pipeline\\Pipeline.php(167): Spatie\\Pjax\\Middleware\\FilterIfPjax->handle()
#46 D:\\webpages\\s-cart\\vendor\\laravel\\framework\\src\\Illuminate\\Foundation\\Http\\Middleware\\TransformsRequest.php(21): Illuminate\\Pipeline\\Pipeline->Illuminate\\Pipeline\\{closure}()
#47 D:\\webpages\\s-cart\\vendor\\laravel\\framework\\src\\Illuminate\\Foundation\\Http\\Middleware\\ConvertEmptyStringsToNull.php(31): Illuminate\\Foundation\\Http\\Middleware\\TransformsRequest->handle()
#48 D:\\webpages\\s-cart\\vendor\\laravel\\framework\\src\\Illuminate\\Pipeline\\Pipeline.php(167): Illuminate\\Foundation\\Http\\Middleware\\ConvertEmptyStringsToNull->handle()
#49 D:\\webpages\\s-cart\\vendor\\laravel\\framework\\src\\Illuminate\\Foundation\\Http\\Middleware\\TransformsRequest.php(21): Illuminate\\Pipeline\\Pipeline->Illuminate\\Pipeline\\{closure}()
#50 D:\\webpages\\s-cart\\vendor\\laravel\\framework\\src\\Illuminate\\Foundation\\Http\\Middleware\\TrimStrings.php(40): Illuminate\\Foundation\\Http\\Middleware\\TransformsRequest->handle()
#51 D:\\webpages\\s-cart\\vendor\\laravel\\framework\\src\\Illuminate\\Pipeline\\Pipeline.php(167): Illuminate\\Foundation\\Http\\Middleware\\TrimStrings->handle()
#52 D:\\webpages\\s-cart\\vendor\\laravel\\framework\\src\\Illuminate\\Foundation\\Http\\Middleware\\ValidatePostSize.php(27): Illuminate\\Pipeline\\Pipeline->Illuminate\\Pipeline\\{closure}()
#53 D:\\webpages\\s-cart\\vendor\\laravel\\framework\\src\\Illuminate\\Pipeline\\Pipeline.php(167): Illuminate\\Foundation\\Http\\Middleware\\ValidatePostSize->handle()
#54 D:\\webpages\\s-cart\\vendor\\laravel\\framework\\src\\Illuminate\\Foundation\\Http\\Middleware\\PreventRequestsDuringMaintenance.php(86): Illuminate\\Pipeline\\Pipeline->Illuminate\\Pipeline\\{closure}()
#55 D:\\webpages\\s-cart\\vendor\\laravel\\framework\\src\\Illuminate\\Pipeline\\Pipeline.php(167): Illuminate\\Foundation\\Http\\Middleware\\PreventRequestsDuringMaintenance->handle()
#56 D:\\webpages\\s-cart\\vendor\\laravel\\framework\\src\\Illuminate\\Http\\Middleware\\TrustProxies.php(39): Illuminate\\Pipeline\\Pipeline->Illuminate\\Pipeline\\{closure}()
#57 D:\\webpages\\s-cart\\vendor\\laravel\\framework\\src\\Illuminate\\Pipeline\\Pipeline.php(167): Illuminate\\Http\\Middleware\\TrustProxies->handle()
#58 D:\\webpages\\s-cart\\vendor\\laravel\\framework\\src\\Illuminate\\Pipeline\\Pipeline.php(103): Illuminate\\Pipeline\\Pipeline->Illuminate\\Pipeline\\{closure}()
#59 D:\\webpages\\s-cart\\vendor\\laravel\\framework\\src\\Illuminate\\Foundation\\Http\\Kernel.php(141): Illuminate\\Pipeline\\Pipeline->then()
#60 D:\\webpages\\s-cart\\vendor\\laravel\\framework\\src\\Illuminate\\Foundation\\Http\\Kernel.php(110): Illuminate\\Foundation\\Http\\Kernel->sendRequestThroughRouter()
#61 D:\\webpages\\s-cart\\public\\index.php(82): Illuminate\\Foundation\\Http\\Kernel->handle()
#62 D:\\webpages\\s-cart\\server.php(21): require_once('...')
#63 {main}"} 
[2021-09-17 23:36:38] local.ERROR: Tamanho do arquivo excedeu o limite permitido pelo servidor! (Tamanho máximo: 2M) {"file":"D:\\webpages\\s-cart\\vendor\\unisharp\\laravel-filemanager\\src\\Lfm.php","line":235,"trace":"#0 D:\\webpages\\s-cart\\vendor\\unisharp\\laravel-filemanager\\src\\LfmPath.php(212): UniSharp\\LaravelFilemanager\\Lfm->error()
#1 D:\\webpages\\s-cart\\vendor\\unisharp\\laravel-filemanager\\src\\LfmPath.php(242): UniSharp\\LaravelFilemanager\\LfmPath->error()
#2 D:\\webpages\\s-cart\\vendor\\unisharp\\laravel-filemanager\\src\\LfmPath.php(218): UniSharp\\LaravelFilemanager\\LfmPath->uploadValidator()
#3 D:\\webpages\\s-cart\\vendor\\unisharp\\laravel-filemanager\\src\\Controllers\\UploadController.php(34): UniSharp\\LaravelFilemanager\\LfmPath->upload()
#4 D:\\webpages\\s-cart\\vendor\\laravel\\framework\\src\\Illuminate\\Routing\\Controller.php(54): UniSharp\\LaravelFilemanager\\Controllers\\UploadController->upload()
#5 D:\\webpages\\s-cart\\vendor\\laravel\\framework\\src\\Illuminate\\Routing\\ControllerDispatcher.php(45): Illuminate\\Routing\\Controller->callAction()
#6 D:\\webpages\\s-cart\\vendor\\laravel\\framework\\src\\Illuminate\\Routing\\Route.php(261): Illuminate\\Routing\\ControllerDispatcher->dispatch()
#7 D:\\webpages\\s-cart\\vendor\\laravel\\framework\\src\\Illuminate\\Routing\\Route.php(204): Illuminate\\Routing\\Route->runController()
#8 D:\\webpages\\s-cart\\vendor\\laravel\\framework\\src\\Illuminate\\Routing\\Router.php(695): Illuminate\\Routing\\Route->run()
#9 D:\\webpages\\s-cart\\vendor\\laravel\\framework\\src\\Illuminate\\Pipeline\\Pipeline.php(128): Illuminate\\Routing\\Router->Illuminate\\Routing\\{closure}()
#10 D:\\webpages\\s-cart\\vendor\\s-cart\\core\\src\\Front\\Middleware\\Localization.php(31): Illuminate\\Pipeline\\Pipeline->Illuminate\\Pipeline\\{closure}()
#11 D:\\webpages\\s-cart\\vendor\\laravel\\framework\\src\\Illuminate\\Pipeline\\Pipeline.php(167): SCart\\Core\\Front\\Middleware\\Localization->handle()
#12 D:\\webpages\\s-cart\\vendor\\s-cart\\core\\src\\Admin\\Middleware\\AdminTheme.php(27): Illuminate\\Pipeline\\Pipeline->Illuminate\\Pipeline\\{closure}()
#13 D:\\webpages\\s-cart\\vendor\\laravel\\framework\\src\\Illuminate\\Pipeline\\Pipeline.php(167): SCart\\Core\\Admin\\Middleware\\AdminTheme->handle()
#14 D:\\webpages\\s-cart\\vendor\\s-cart\\core\\src\\Admin\\Middleware\\AdminStoreId.php(40): Illuminate\\Pipeline\\Pipeline->Illuminate\\Pipeline\\{closure}()
#15 D:\\webpages\\s-cart\\vendor\\laravel\\framework\\src\\Illuminate\\Pipeline\\Pipeline.php(167): SCart\\Core\\Admin\\Middleware\\AdminStoreId->handle()
#16 D:\\webpages\\s-cart\\vendor\\s-cart\\core\\src\\Admin\\Middleware\\LogOperation.php(38): Illuminate\\Pipeline\\Pipeline->Illuminate\\Pipeline\\{closure}()
#17 D:\\webpages\\s-cart\\vendor\\laravel\\framework\\src\\Illuminate\\Pipeline\\Pipeline.php(167): SCart\\Core\\Admin\\Middleware\\LogOperation->handle()
#18 D:\\webpages\\s-cart\\vendor\\s-cart\\core\\src\\Admin\\Middleware\\PermissionMiddleware.php(30): Illuminate\\Pipeline\\Pipeline->Illuminate\\Pipeline\\{closure}()
#19 D:\\webpages\\s-cart\\vendor\\laravel\\framework\\src\\Illuminate\\Pipeline\\Pipeline.php(167): SCart\\Core\\Admin\\Middleware\\PermissionMiddleware->handle()
#20 D:\\webpages\\s-cart\\vendor\\s-cart\\core\\src\\Admin\\Middleware\\Authenticate.php(25): Illuminate\\Pipeline\\Pipeline->Illuminate\\Pipeline\\{closure}()
#21 D:\\webpages\\s-cart\\vendor\\laravel\\framework\\src\\Illuminate\\Pipeline\\Pipeline.php(167): SCart\\Core\\Admin\\Middleware\\Authenticate->handle()
#22 D:\\webpages\\s-cart\\vendor\\laravel\\framework\\src\\Illuminate\\Routing\\Middleware\\SubstituteBindings.php(50): Illuminate\\Pipeline\\Pipeline->Illuminate\\Pipeline\\{closure}()
#23 D:\\webpages\\s-cart\\vendor\\laravel\\framework\\src\\Illuminate\\Pipeline\\Pipeline.php(167): Illuminate\\Routing\\Middleware\\SubstituteBindings->handle()
#24 D:\\webpages\\s-cart\\vendor\\laravel\\framework\\src\\Illuminate\\Foundation\\Http\\Middleware\\VerifyCsrfToken.php(78): Illuminate\\Pipeline\\Pipeline->Illuminate\\Pipeline\\{closure}()
#25 D:\\webpages\\s-cart\\vendor\\laravel\\framework\\src\\Illuminate\\Pipeline\\Pipeline.php(167): Illuminate\\Foundation\\Http\\Middleware\\VerifyCsrfToken->handle()
#26 D:\\webpages\\s-cart\\vendor\\laravel\\framework\\src\\Illuminate\\View\\Middleware\\ShareErrorsFromSession.php(49): Illuminate\\Pipeline\\Pipeline->Illuminate\\Pipeline\\{closure}()
#27 D:\\webpages\\s-cart\\vendor\\laravel\\framework\\src\\Illuminate\\Pipeline\\Pipeline.php(167): Illuminate\\View\\Middleware\\ShareErrorsFromSession->handle()
#28 D:\\webpages\\s-cart\\vendor\\laravel\\framework\\src\\Illuminate\\Session\\Middleware\\StartSession.php(121): Illuminate\\Pipeline\\Pipeline->Illuminate\\Pipeline\\{closure}()
#29 D:\\webpages\\s-cart\\vendor\\laravel\\framework\\src\\Illuminate\\Session\\Middleware\\StartSession.php(64): Illuminate\\Session\\Middleware\\StartSession->handleStatefulRequest()
#30 D:\\webpages\\s-cart\\vendor\\laravel\\framework\\src\\Illuminate\\Pipeline\\Pipeline.php(167): Illuminate\\Session\\Middleware\\StartSession->handle()
#31 D:\\webpages\\s-cart\\vendor\\laravel\\framework\\src\\Illuminate\\Cookie\\Middleware\\AddQueuedCookiesToResponse.php(37): Illuminate\\Pipeline\\Pipeline->Illuminate\\Pipeline\\{closure}()
#32 D:\\webpages\\s-cart\\vendor\\laravel\\framework\\src\\Illuminate\\Pipeline\\Pipeline.php(167): Illuminate\\Cookie\\Middleware\\AddQueuedCookiesToResponse->handle()
#33 D:\\webpages\\s-cart\\vendor\\laravel\\framework\\src\\Illuminate\\Cookie\\Middleware\\EncryptCookies.php(67): Illuminate\\Pipeline\\Pipeline->Illuminate\\Pipeline\\{closure}()
#34 D:\\webpages\\s-cart\\vendor\\laravel\\framework\\src\\Illuminate\\Pipeline\\Pipeline.php(167): Illuminate\\Cookie\\Middleware\\EncryptCookies->handle()
#35 D:\\webpages\\s-cart\\vendor\\laravel\\framework\\src\\Illuminate\\Pipeline\\Pipeline.php(103): Illuminate\\Pipeline\\Pipeline->Illuminate\\Pipeline\\{closure}()
#36 D:\\webpages\\s-cart\\vendor\\laravel\\framework\\src\\Illuminate\\Routing\\Router.php(697): Illuminate\\Pipeline\\Pipeline->then()
#37 D:\\webpages\\s-cart\\vendor\\laravel\\framework\\src\\Illuminate\\Routing\\Router.php(672): Illuminate\\Routing\\Router->runRouteWithinStack()
#38 D:\\webpages\\s-cart\\vendor\\laravel\\framework\\src\\Illuminate\\Routing\\Router.php(636): Illuminate\\Routing\\Router->runRoute()
#39 D:\\webpages\\s-cart\\vendor\\laravel\\framework\\src\\Illuminate\\Routing\\Router.php(625): Illuminate\\Routing\\Router->dispatchToRoute()
#40 D:\\webpages\\s-cart\\vendor\\laravel\\framework\\src\\Illuminate\\Foundation\\Http\\Kernel.php(166): Illuminate\\Routing\\Router->dispatch()
#41 D:\\webpages\\s-cart\\vendor\\laravel\\framework\\src\\Illuminate\\Pipeline\\Pipeline.php(128): Illuminate\\Foundation\\Http\\Kernel->Illuminate\\Foundation\\Http\\{closure}()
#42 D:\\webpages\\s-cart\\vendor\\barryvdh\\laravel-debugbar\\src\\Middleware\\InjectDebugbar.php(67): Illuminate\\Pipeline\\Pipeline->Illuminate\\Pipeline\\{closure}()
#43 D:\\webpages\\s-cart\\vendor\\laravel\\framework\\src\\Illuminate\\Pipeline\\Pipeline.php(167): Barryvdh\\Debugbar\\Middleware\\InjectDebugbar->handle()
#44 D:\\webpages\\s-cart\\vendor\\spatie\\laravel-pjax\\src\\Middleware\\FilterIfPjax.php(18): Illuminate\\Pipeline\\Pipeline->Illuminate\\Pipeline\\{closure}()
#45 D:\\webpages\\s-cart\\vendor\\laravel\\framework\\src\\Illuminate\\Pipeline\\Pipeline.php(167): Spatie\\Pjax\\Middleware\\FilterIfPjax->handle()
#46 D:\\webpages\\s-cart\\vendor\\laravel\\framework\\src\\Illuminate\\Foundation\\Http\\Middleware\\TransformsRequest.php(21): Illuminate\\Pipeline\\Pipeline->Illuminate\\Pipeline\\{closure}()
#47 D:\\webpages\\s-cart\\vendor\\laravel\\framework\\src\\Illuminate\\Foundation\\Http\\Middleware\\ConvertEmptyStringsToNull.php(31): Illuminate\\Foundation\\Http\\Middleware\\TransformsRequest->handle()
#48 D:\\webpages\\s-cart\\vendor\\laravel\\framework\\src\\Illuminate\\Pipeline\\Pipeline.php(167): Illuminate\\Foundation\\Http\\Middleware\\ConvertEmptyStringsToNull->handle()
#49 D:\\webpages\\s-cart\\vendor\\laravel\\framework\\src\\Illuminate\\Foundation\\Http\\Middleware\\TransformsRequest.php(21): Illuminate\\Pipeline\\Pipeline->Illuminate\\Pipeline\\{closure}()
#50 D:\\webpages\\s-cart\\vendor\\laravel\\framework\\src\\Illuminate\\Foundation\\Http\\Middleware\\TrimStrings.php(40): Illuminate\\Foundation\\Http\\Middleware\\TransformsRequest->handle()
#51 D:\\webpages\\s-cart\\vendor\\laravel\\framework\\src\\Illuminate\\Pipeline\\Pipeline.php(167): Illuminate\\Foundation\\Http\\Middleware\\TrimStrings->handle()
#52 D:\\webpages\\s-cart\\vendor\\laravel\\framework\\src\\Illuminate\\Foundation\\Http\\Middleware\\ValidatePostSize.php(27): Illuminate\\Pipeline\\Pipeline->Illuminate\\Pipeline\\{closure}()
#53 D:\\webpages\\s-cart\\vendor\\laravel\\framework\\src\\Illuminate\\Pipeline\\Pipeline.php(167): Illuminate\\Foundation\\Http\\Middleware\\ValidatePostSize->handle()
#54 D:\\webpages\\s-cart\\vendor\\laravel\\framework\\src\\Illuminate\\Foundation\\Http\\Middleware\\PreventRequestsDuringMaintenance.php(86): Illuminate\\Pipeline\\Pipeline->Illuminate\\Pipeline\\{closure}()
#55 D:\\webpages\\s-cart\\vendor\\laravel\\framework\\src\\Illuminate\\Pipeline\\Pipeline.php(167): Illuminate\\Foundation\\Http\\Middleware\\PreventRequestsDuringMaintenance->handle()
#56 D:\\webpages\\s-cart\\vendor\\laravel\\framework\\src\\Illuminate\\Http\\Middleware\\TrustProxies.php(39): Illuminate\\Pipeline\\Pipeline->Illuminate\\Pipeline\\{closure}()
#57 D:\\webpages\\s-cart\\vendor\\laravel\\framework\\src\\Illuminate\\Pipeline\\Pipeline.php(167): Illuminate\\Http\\Middleware\\TrustProxies->handle()
#58 D:\\webpages\\s-cart\\vendor\\laravel\\framework\\src\\Illuminate\\Pipeline\\Pipeline.php(103): Illuminate\\Pipeline\\Pipeline->Illuminate\\Pipeline\\{closure}()
#59 D:\\webpages\\s-cart\\vendor\\laravel\\framework\\src\\Illuminate\\Foundation\\Http\\Kernel.php(141): Illuminate\\Pipeline\\Pipeline->then()
#60 D:\\webpages\\s-cart\\vendor\\laravel\\framework\\src\\Illuminate\\Foundation\\Http\\Kernel.php(110): Illuminate\\Foundation\\Http\\Kernel->sendRequestThroughRouter()
#61 D:\\webpages\\s-cart\\public\\index.php(82): Illuminate\\Foundation\\Http\\Kernel->handle()
#62 D:\\webpages\\s-cart\\server.php(21): require_once('...')
#63 {main}"} 
