[2021-10-09 18:32:15] local.ERROR: 2021-10-09 18:32:15:
```syntax error, unexpected token "\"```
*File* `D:\webpages\s-cart\app\Plugins\Other\LoginSocialite\Controllers\FrontController.php`, *Line:* 92, *Code:* 0
URL= http://localhost:8000/plugin/login_socialite/facebook
  
[2021-10-09 18:32:15] local.ERROR: syntax error, unexpected token "\" {"exception":"[object] (ParseError(code: 0): syntax error, unexpected token \"\\\" at D:\\webpages\\s-cart\\app\\Plugins\\Other\\LoginSocialite\\Controllers\\FrontController.php:92)
[stacktrace]
#0 D:\\webpages\\s-cart\\vendor\\composer\\ClassLoader.php(346): Composer\\Autoload\\includeFile()
#1 [internal function]: Composer\\Autoload\\ClassLoader->loadClass()
#2 D:\\webpages\\s-cart\\vendor\\laravel\\framework\\src\\Illuminate\\Container\\Container.php(873): ReflectionClass->__construct()
#3 D:\\webpages\\s-cart\\vendor\\laravel\\framework\\src\\Illuminate\\Container\\Container.php(754): Illuminate\\Container\\Container->build()
#4 D:\\webpages\\s-cart\\vendor\\laravel\\framework\\src\\Illuminate\\Foundation\\Application.php(841): Illuminate\\Container\\Container->resolve()
#5 D:\\webpages\\s-cart\\vendor\\laravel\\framework\\src\\Illuminate\\Container\\Container.php(692): Illuminate\\Foundation\\Application->resolve()
#6 D:\\webpages\\s-cart\\vendor\\laravel\\framework\\src\\Illuminate\\Foundation\\Application.php(826): Illuminate\\Container\\Container->make()
#7 D:\\webpages\\s-cart\\vendor\\laravel\\framework\\src\\Illuminate\\Routing\\Route.php(275): Illuminate\\Foundation\\Application->make()
#8 D:\\webpages\\s-cart\\vendor\\laravel\\framework\\src\\Illuminate\\Routing\\Route.php(1049): Illuminate\\Routing\\Route->getController()
#9 D:\\webpages\\s-cart\\vendor\\laravel\\framework\\src\\Illuminate\\Routing\\Route.php(1010): Illuminate\\Routing\\Route->controllerMiddleware()
#10 D:\\webpages\\s-cart\\vendor\\laravel\\framework\\src\\Illuminate\\Routing\\Router.php(708): Illuminate\\Routing\\Route->gatherMiddleware()
#11 D:\\webpages\\s-cart\\vendor\\laravel\\framework\\src\\Illuminate\\Routing\\Router.php(688): Illuminate\\Routing\\Router->gatherRouteMiddleware()
#12 D:\\webpages\\s-cart\\vendor\\laravel\\framework\\src\\Illuminate\\Routing\\Router.php(672): Illuminate\\Routing\\Router->runRouteWithinStack()
#13 D:\\webpages\\s-cart\\vendor\\laravel\\framework\\src\\Illuminate\\Routing\\Router.php(636): Illuminate\\Routing\\Router->runRoute()
#14 D:\\webpages\\s-cart\\vendor\\laravel\\framework\\src\\Illuminate\\Routing\\Router.php(625): Illuminate\\Routing\\Router->dispatchToRoute()
#15 D:\\webpages\\s-cart\\vendor\\laravel\\framework\\src\\Illuminate\\Foundation\\Http\\Kernel.php(166): Illuminate\\Routing\\Router->dispatch()
#16 D:\\webpages\\s-cart\\vendor\\laravel\\framework\\src\\Illuminate\\Pipeline\\Pipeline.php(128): Illuminate\\Foundation\\Http\\Kernel->Illuminate\\Foundation\\Http\\{closure}()
#17 D:\\webpages\\s-cart\\vendor\\barryvdh\\laravel-debugbar\\src\\Middleware\\InjectDebugbar.php(67): Illuminate\\Pipeline\\Pipeline->Illuminate\\Pipeline\\{closure}()
#18 D:\\webpages\\s-cart\\vendor\\laravel\\framework\\src\\Illuminate\\Pipeline\\Pipeline.php(167): Barryvdh\\Debugbar\\Middleware\\InjectDebugbar->handle()
#19 D:\\webpages\\s-cart\\vendor\\spatie\\laravel-pjax\\src\\Middleware\\FilterIfPjax.php(18): Illuminate\\Pipeline\\Pipeline->Illuminate\\Pipeline\\{closure}()
#20 D:\\webpages\\s-cart\\vendor\\laravel\\framework\\src\\Illuminate\\Pipeline\\Pipeline.php(167): Spatie\\Pjax\\Middleware\\FilterIfPjax->handle()
#21 D:\\webpages\\s-cart\\vendor\\laravel\\framework\\src\\Illuminate\\Foundation\\Http\\Middleware\\TransformsRequest.php(21): Illuminate\\Pipeline\\Pipeline->Illuminate\\Pipeline\\{closure}()
#22 D:\\webpages\\s-cart\\vendor\\laravel\\framework\\src\\Illuminate\\Foundation\\Http\\Middleware\\ConvertEmptyStringsToNull.php(31): Illuminate\\Foundation\\Http\\Middleware\\TransformsRequest->handle()
#23 D:\\webpages\\s-cart\\vendor\\laravel\\framework\\src\\Illuminate\\Pipeline\\Pipeline.php(167): Illuminate\\Foundation\\Http\\Middleware\\ConvertEmptyStringsToNull->handle()
#24 D:\\webpages\\s-cart\\vendor\\laravel\\framework\\src\\Illuminate\\Foundation\\Http\\Middleware\\TransformsRequest.php(21): Illuminate\\Pipeline\\Pipeline->Illuminate\\Pipeline\\{closure}()
#25 D:\\webpages\\s-cart\\vendor\\laravel\\framework\\src\\Illuminate\\Foundation\\Http\\Middleware\\TrimStrings.php(40): Illuminate\\Foundation\\Http\\Middleware\\TransformsRequest->handle()
#26 D:\\webpages\\s-cart\\vendor\\laravel\\framework\\src\\Illuminate\\Pipeline\\Pipeline.php(167): Illuminate\\Foundation\\Http\\Middleware\\TrimStrings->handle()
#27 D:\\webpages\\s-cart\\vendor\\laravel\\framework\\src\\Illuminate\\Foundation\\Http\\Middleware\\ValidatePostSize.php(27): Illuminate\\Pipeline\\Pipeline->Illuminate\\Pipeline\\{closure}()
#28 D:\\webpages\\s-cart\\vendor\\laravel\\framework\\src\\Illuminate\\Pipeline\\Pipeline.php(167): Illuminate\\Foundation\\Http\\Middleware\\ValidatePostSize->handle()
#29 D:\\webpages\\s-cart\\vendor\\laravel\\framework\\src\\Illuminate\\Foundation\\Http\\Middleware\\PreventRequestsDuringMaintenance.php(86): Illuminate\\Pipeline\\Pipeline->Illuminate\\Pipeline\\{closure}()
#30 D:\\webpages\\s-cart\\vendor\\laravel\\framework\\src\\Illuminate\\Pipeline\\Pipeline.php(167): Illuminate\\Foundation\\Http\\Middleware\\PreventRequestsDuringMaintenance->handle()
#31 D:\\webpages\\s-cart\\vendor\\laravel\\framework\\src\\Illuminate\\Http\\Middleware\\TrustProxies.php(39): Illuminate\\Pipeline\\Pipeline->Illuminate\\Pipeline\\{closure}()
#32 D:\\webpages\\s-cart\\vendor\\laravel\\framework\\src\\Illuminate\\Pipeline\\Pipeline.php(167): Illuminate\\Http\\Middleware\\TrustProxies->handle()
#33 D:\\webpages\\s-cart\\vendor\\laravel\\framework\\src\\Illuminate\\Pipeline\\Pipeline.php(103): Illuminate\\Pipeline\\Pipeline->Illuminate\\Pipeline\\{closure}()
#34 D:\\webpages\\s-cart\\vendor\\laravel\\framework\\src\\Illuminate\\Foundation\\Http\\Kernel.php(141): Illuminate\\Pipeline\\Pipeline->then()
#35 D:\\webpages\\s-cart\\vendor\\laravel\\framework\\src\\Illuminate\\Foundation\\Http\\Kernel.php(110): Illuminate\\Foundation\\Http\\Kernel->sendRequestThroughRouter()
#36 D:\\webpages\\s-cart\\public\\index.php(82): Illuminate\\Foundation\\Http\\Kernel->handle()
#37 D:\\webpages\\s-cart\\server.php(21): require_once('...')
#38 {main}
"} 
[2021-10-09 18:32:16] local.ERROR: 2021-10-09 18:32:16:
```syntax error, unexpected token "\"```
*File* `D:\webpages\s-cart\app\Plugins\Other\LoginSocialite\Controllers\FrontController.php`, *Line:* 92, *Code:* 0
URL= http://localhost:8000/plugin/login_socialite/facebook
  
[2021-10-09 18:32:16] local.ERROR: syntax error, unexpected token "\" {"exception":"[object] (ParseError(code: 0): syntax error, unexpected token \"\\\" at D:\\webpages\\s-cart\\app\\Plugins\\Other\\LoginSocialite\\Controllers\\FrontController.php:92)
[stacktrace]
#0 D:\\webpages\\s-cart\\vendor\\composer\\ClassLoader.php(346): Composer\\Autoload\\includeFile()
#1 [internal function]: Composer\\Autoload\\ClassLoader->loadClass()
#2 D:\\webpages\\s-cart\\vendor\\barryvdh\\laravel-debugbar\\src\\DataCollector\\RouteCollector.php(68): class_exists()
#3 D:\\webpages\\s-cart\\vendor\\barryvdh\\laravel-debugbar\\src\\DataCollector\\RouteCollector.php(38): Barryvdh\\Debugbar\\DataCollector\\RouteCollector->getRouteInformation()
#4 D:\\webpages\\s-cart\\vendor\\barryvdh\\laravel-debugbar\\src\\LaravelDebugbar.php(867): Barryvdh\\Debugbar\\DataCollector\\RouteCollector->collect()
#5 D:\\webpages\\s-cart\\vendor\\maximebf\\debugbar\\src\\DebugBar\\DebugBar.php(265): Barryvdh\\Debugbar\\LaravelDebugbar->collect()
#6 D:\\webpages\\s-cart\\vendor\\maximebf\\debugbar\\src\\DebugBar\\JavascriptRenderer.php(1043): DebugBar\\DebugBar->getData()
#7 D:\\webpages\\s-cart\\vendor\\barryvdh\\laravel-debugbar\\src\\LaravelDebugbar.php(904): DebugBar\\JavascriptRenderer->render()
#8 D:\\webpages\\s-cart\\vendor\\barryvdh\\laravel-debugbar\\src\\LaravelDebugbar.php(788): Barryvdh\\Debugbar\\LaravelDebugbar->injectDebugbar()
#9 D:\\webpages\\s-cart\\vendor\\barryvdh\\laravel-debugbar\\src\\Middleware\\InjectDebugbar.php(76): Barryvdh\\Debugbar\\LaravelDebugbar->modifyResponse()
#10 D:\\webpages\\s-cart\\vendor\\laravel\\framework\\src\\Illuminate\\Pipeline\\Pipeline.php(167): Barryvdh\\Debugbar\\Middleware\\InjectDebugbar->handle()
#11 D:\\webpages\\s-cart\\vendor\\spatie\\laravel-pjax\\src\\Middleware\\FilterIfPjax.php(18): Illuminate\\Pipeline\\Pipeline->Illuminate\\Pipeline\\{closure}()
#12 D:\\webpages\\s-cart\\vendor\\laravel\\framework\\src\\Illuminate\\Pipeline\\Pipeline.php(167): Spatie\\Pjax\\Middleware\\FilterIfPjax->handle()
#13 D:\\webpages\\s-cart\\vendor\\laravel\\framework\\src\\Illuminate\\Foundation\\Http\\Middleware\\TransformsRequest.php(21): Illuminate\\Pipeline\\Pipeline->Illuminate\\Pipeline\\{closure}()
#14 D:\\webpages\\s-cart\\vendor\\laravel\\framework\\src\\Illuminate\\Foundation\\Http\\Middleware\\ConvertEmptyStringsToNull.php(31): Illuminate\\Foundation\\Http\\Middleware\\TransformsRequest->handle()
#15 D:\\webpages\\s-cart\\vendor\\laravel\\framework\\src\\Illuminate\\Pipeline\\Pipeline.php(167): Illuminate\\Foundation\\Http\\Middleware\\ConvertEmptyStringsToNull->handle()
#16 D:\\webpages\\s-cart\\vendor\\laravel\\framework\\src\\Illuminate\\Foundation\\Http\\Middleware\\TransformsRequest.php(21): Illuminate\\Pipeline\\Pipeline->Illuminate\\Pipeline\\{closure}()
#17 D:\\webpages\\s-cart\\vendor\\laravel\\framework\\src\\Illuminate\\Foundation\\Http\\Middleware\\TrimStrings.php(40): Illuminate\\Foundation\\Http\\Middleware\\TransformsRequest->handle()
#18 D:\\webpages\\s-cart\\vendor\\laravel\\framework\\src\\Illuminate\\Pipeline\\Pipeline.php(167): Illuminate\\Foundation\\Http\\Middleware\\TrimStrings->handle()
#19 D:\\webpages\\s-cart\\vendor\\laravel\\framework\\src\\Illuminate\\Foundation\\Http\\Middleware\\ValidatePostSize.php(27): Illuminate\\Pipeline\\Pipeline->Illuminate\\Pipeline\\{closure}()
#20 D:\\webpages\\s-cart\\vendor\\laravel\\framework\\src\\Illuminate\\Pipeline\\Pipeline.php(167): Illuminate\\Foundation\\Http\\Middleware\\ValidatePostSize->handle()
#21 D:\\webpages\\s-cart\\vendor\\laravel\\framework\\src\\Illuminate\\Foundation\\Http\\Middleware\\PreventRequestsDuringMaintenance.php(86): Illuminate\\Pipeline\\Pipeline->Illuminate\\Pipeline\\{closure}()
#22 D:\\webpages\\s-cart\\vendor\\laravel\\framework\\src\\Illuminate\\Pipeline\\Pipeline.php(167): Illuminate\\Foundation\\Http\\Middleware\\PreventRequestsDuringMaintenance->handle()
#23 D:\\webpages\\s-cart\\vendor\\laravel\\framework\\src\\Illuminate\\Http\\Middleware\\TrustProxies.php(39): Illuminate\\Pipeline\\Pipeline->Illuminate\\Pipeline\\{closure}()
#24 D:\\webpages\\s-cart\\vendor\\laravel\\framework\\src\\Illuminate\\Pipeline\\Pipeline.php(167): Illuminate\\Http\\Middleware\\TrustProxies->handle()
#25 D:\\webpages\\s-cart\\vendor\\laravel\\framework\\src\\Illuminate\\Pipeline\\Pipeline.php(103): Illuminate\\Pipeline\\Pipeline->Illuminate\\Pipeline\\{closure}()
#26 D:\\webpages\\s-cart\\vendor\\laravel\\framework\\src\\Illuminate\\Foundation\\Http\\Kernel.php(141): Illuminate\\Pipeline\\Pipeline->then()
#27 D:\\webpages\\s-cart\\vendor\\laravel\\framework\\src\\Illuminate\\Foundation\\Http\\Kernel.php(110): Illuminate\\Foundation\\Http\\Kernel->sendRequestThroughRouter()
#28 D:\\webpages\\s-cart\\public\\index.php(82): Illuminate\\Foundation\\Http\\Kernel->handle()
#29 D:\\webpages\\s-cart\\server.php(21): require_once('...')
#30 {main}
"} 
